現在時間: 2020-10-19 19:52:07
檢查時間: 2020-10-18 19:52:07
本地dat檔案存在!檢查遠端檔案是否存在...
遠端GEF_JSON存在!略過!
檢查時間: 2020-10-17 19:52:08
本地dat檔案存在!檢查遠端檔案是否存在...
遠端GEF_JSON存在!略過!
檢查時間: 2020-10-16 19:52:08
本地dat檔案存在!檢查遠端檔案是否存在...
遠端GEF_JSON存在!略過!
--
需要檢查的日期
#1 本地dat檔案名稱: ..\..\..\Converted\Y2020\M10\D19\2020_10_19_12_00_00.dat
本地dat檔案存在!檢查遠端檔案是否存在...
curl.exe -s -d "{\"Version\":\"20200824a\",\"SiteName\":\"[20200729GEFA]Taiwan-NewTaipeiCity-HuangZuiShan(HUZS)\",\"GEF_JSON_FileName\":\"2020_10_19_12_00_00.json\",\"CMD\":\"Exist?\"}" -k -H "Content-Type: application/json" -X POST https://cgrg.synology.me/TWGEFN/api/GEF_tool.php
遠端GEF_JSON存在!略過!
--
#1 本地dat檔案名稱: ..\..\..\Converted\Y2020\M10\D19\2020_10_19_12_10_00.dat
本地dat檔案存在!檢查遠端檔案是否存在...
curl.exe -s -d "{\"Version\":\"20200824a\",\"SiteName\":\"[20200729GEFA]Taiwan-NewTaipeiCity-HuangZuiShan(HUZS)\",\"GEF_JSON_FileName\":\"2020_10_19_12_10_00.json\",\"CMD\":\"Exist?\"}" -k -H "Content-Type: application/json" -X POST https://cgrg.synology.me/TWGEFN/api/GEF_tool.php
遠端GEF_JSON存在!略過!
--
#1 本地dat檔案名稱: ..\..\..\Converted\Y2020\M10\D19\2020_10_19_12_20_00.dat
本地dat檔案存在!檢查遠端檔案是否存在...
curl.exe -s -d "{\"Version\":\"20200824a\",\"SiteName\":\"[20200729GEFA]Taiwan-NewTaipeiCity-HuangZuiShan(HUZS)\",\"GEF_JSON_FileName\":\"2020_10_19_12_20_00.json\",\"CMD\":\"Exist?\"}" -k -H "Content-Type: application/json" -X POST https://cgrg.synology.me/TWGEFN/api/GEF_tool.php
遠端GEF_JSON存在!略過!
--
#1 本地dat檔案名稱: ..\..\..\Converted\Y2020\M10\D19\2020_10_19_12_30_00.dat
本地dat檔案存在!檢查遠端檔案是否存在...
curl.exe -s -d "{\"Version\":\"20200824a\",\"SiteName\":\"[20200729GEFA]Taiwan-NewTaipeiCity-HuangZuiShan(HUZS)\",\"GEF_JSON_FileName\":\"2020_10_19_12_30_00.json\",\"CMD\":\"Exist?\"}" -k -H "Content-Type: application/json" -X POST https://cgrg.synology.me/TWGEFN/api/GEF_tool.php
遠端GEF_JSON存在!略過!
--
#1 本地dat檔案名稱: ..\..\..\Converted\Y2020\M10\D19\2020_10_19_12_40_00.dat
本地dat檔案存在!檢查遠端檔案是否存在...
curl.exe -s -d "{\"Version\":\"20200824a\",\"SiteName\":\"[20200729GEFA]Taiwan-NewTaipeiCity-HuangZuiShan(HUZS)\",\"GEF_JSON_FileName\":\"2020_10_19_12_40_00.json\",\"CMD\":\"Exist?\"}" -k -H "Content-Type: application/json" -X POST https://cgrg.synology.me/TWGEFN/api/GEF_tool.php
遠端GEF_JSON存在!略過!
--
#1 本地dat檔案名稱: ..\..\..\Converted\Y2020\M10\D19\2020_10_19_12_50_00.dat
本地dat檔案存在!檢查遠端檔案是否存在...
curl.exe -s -d "{\"Version\":\"20200824a\",\"SiteName\":\"[20200729GEFA]Taiwan-NewTaipeiCity-HuangZuiShan(HUZS)\",\"GEF_JSON_FileName\":\"2020_10_19_12_50_00.json\",\"CMD\":\"Exist?\"}" -k -H "Content-Type: application/json" -X POST https://cgrg.synology.me/TWGEFN/api/GEF_tool.php
遠端GEF_JSON存在!略過!
--
#2 本地dat檔案名稱: ..\..\..\Converted\Y2020\M10\D19\2020_10_19_13_00_00.dat
本地dat檔案存在!檢查遠端檔案是否存在...
curl.exe -s -d "{\"Version\":\"20200824a\",\"SiteName\":\"[20200729GEFA]Taiwan-NewTaipeiCity-HuangZuiShan(HUZS)\",\"GEF_JSON_FileName\":\"2020_10_19_13_00_00.json\",\"CMD\":\"Exist?\"}" -k -H "Content-Type: application/json" -X POST https://cgrg.synology.me/TWGEFN/api/GEF_tool.php
遠端GEF_JSON存在!略過!
--
#2 本地dat檔案名稱: ..\..\..\Converted\Y2020\M10\D19\2020_10_19_13_10_00.dat
本地dat檔案存在!檢查遠端檔案是否存在...
curl.exe -s -d "{\"Version\":\"20200824a\",\"SiteName\":\"[20200729GEFA]Taiwan-NewTaipeiCity-HuangZuiShan(HUZS)\",\"GEF_JSON_FileName\":\"2020_10_19_13_10_00.json\",\"CMD\":\"Exist?\"}" -k -H "Content-Type: application/json" -X POST https://cgrg.synology.me/TWGEFN/api/GEF_tool.php
遠端GEF_JSON存在!略過!
--
#2 本地dat檔案名稱: ..\..\..\Converted\Y2020\M10\D19\2020_10_19_13_20_00.dat
本地dat檔案存在!檢查遠端檔案是否存在...
curl.exe -s -d "{\"Version\":\"20200824a\",\"SiteName\":\"[20200729GEFA]Taiwan-NewTaipeiCity-HuangZuiShan(HUZS)\",\"GEF_JSON_FileName\":\"2020_10_19_13_20_00.json\",\"CMD\":\"Exist?\"}" -k -H "Content-Type: application/json" -X POST https://cgrg.synology.me/TWGEFN/api/GEF_tool.php
遠端GEF_JSON存在!略過!
--
#2 本地dat檔案名稱: ..\..\..\Converted\Y2020\M10\D19\2020_10_19_13_30_00.dat
本地dat檔案存在!檢查遠端檔案是否存在...
curl.exe -s -d "{\"Version\":\"20200824a\",\"SiteName\":\"[20200729GEFA]Taiwan-NewTaipeiCity-HuangZuiShan(HUZS)\",\"GEF_JSON_FileName\":\"2020_10_19_13_30_00.json\",\"CMD\":\"Exist?\"}" -k -H "Content-Type: application/json" -X POST https://cgrg.synology.me/TWGEFN/api/GEF_tool.php
遠端GEF_JSON存在!略過!
--
#2 本地dat檔案名稱: ..\..\..\Converted\Y2020\M10\D19\2020_10_19_13_40_00.dat
本地dat檔案存在!檢查遠端檔案是否存在...
curl.exe -s -d "{\"Version\":\"20200824a\",\"SiteName\":\"[20200729GEFA]Taiwan-NewTaipeiCity-HuangZuiShan(HUZS)\",\"GEF_JSON_FileName\":\"2020_10_19_13_40_00.json\",\"CMD\":\"Exist?\"}" -k -H "Content-Type: application/json" -X POST https://cgrg.synology.me/TWGEFN/api/GEF_tool.php
遠端GEF_JSON存在!略過!
--
#2 本地dat檔案名稱: ..\..\..\Converted\Y2020\M10\D19\2020_10_19_13_50_00.dat
本地dat檔案存在!檢查遠端檔案是否存在...
curl.exe -s -d "{\"Version\":\"20200824a\",\"SiteName\":\"[20200729GEFA]Taiwan-NewTaipeiCity-HuangZuiShan(HUZS)\",\"GEF_JSON_FileName\":\"2020_10_19_13_50_00.json\",\"CMD\":\"Exist?\"}" -k -H "Content-Type: application/json" -X POST https://cgrg.synology.me/TWGEFN/api/GEF_tool.php
遠端GEF_JSON存在!略過!
--
#3 本地dat檔案名稱: ..\..\..\Converted\Y2020\M10\D19\2020_10_19_14_00_00.dat
本地dat檔案存在!檢查遠端檔案是否存在...
curl.exe -s -d "{\"Version\":\"20200824a\",\"SiteName\":\"[20200729GEFA]Taiwan-NewTaipeiCity-HuangZuiShan(HUZS)\",\"GEF_JSON_FileName\":\"2020_10_19_14_00_00.json\",\"CMD\":\"Exist?\"}" -k -H "Content-Type: application/json" -X POST https://cgrg.synology.me/TWGEFN/api/GEF_tool.php
遠端GEF_JSON存在!略過!
--
#3 本地dat檔案名稱: ..\..\..\Converted\Y2020\M10\D19\2020_10_19_14_10_00.dat
本地dat檔案存在!檢查遠端檔案是否存在...
curl.exe -s -d "{\"Version\":\"20200824a\",\"SiteName\":\"[20200729GEFA]Taiwan-NewTaipeiCity-HuangZuiShan(HUZS)\",\"GEF_JSON_FileName\":\"2020_10_19_14_10_00.json\",\"CMD\":\"Exist?\"}" -k -H "Content-Type: application/json" -X POST https://cgrg.synology.me/TWGEFN/api/GEF_tool.php
遠端GEF_JSON存在!略過!
--
#3 本地dat檔案名稱: ..\..\..\Converted\Y2020\M10\D19\2020_10_19_14_20_00.dat
本地dat檔案存在!檢查遠端檔案是否存在...
curl.exe -s -d "{\"Version\":\"20200824a\",\"SiteName\":\"[20200729GEFA]Taiwan-NewTaipeiCity-HuangZuiShan(HUZS)\",\"GEF_JSON_FileName\":\"2020_10_19_14_20_00.json\",\"CMD\":\"Exist?\"}" -k -H "Content-Type: application/json" -X POST https://cgrg.synology.me/TWGEFN/api/GEF_tool.php
遠端GEF_JSON不存在!需要轉檔並上傳!
轉檔目標:..\..\..\Converted\Y2020\M10\D19\2020_10_19_14_20_00.dat
紀錄起始時間(台北時間):2020-10-19 14:20:0
轉檔成功!上傳檔案!
上傳檔案成功!刪除本地檔案!
--
#3 本地dat檔案名稱: ..\..\..\Converted\Y2020\M10\D19\2020_10_19_14_30_00.dat
本地dat檔案存在!檢查遠端檔案是否存在...
curl.exe -s -d "{\"Version\":\"20200824a\",\"SiteName\":\"[20200729GEFA]Taiwan-NewTaipeiCity-HuangZuiShan(HUZS)\",\"GEF_JSON_FileName\":\"2020_10_19_14_30_00.json\",\"CMD\":\"Exist?\"}" -k -H "Content-Type: application/json" -X POST https://cgrg.synology.me/TWGEFN/api/GEF_tool.php
遠端GEF_JSON不存在!需要轉檔並上傳!
轉檔目標:..\..\..\Converted\Y2020\M10\D19\2020_10_19_14_30_00.dat
紀錄起始時間(台北時間):2020-10-19 14:30:0
轉檔成功!上傳檔案!
上傳檔案成功!刪除本地檔案!
--
#3 本地dat檔案名稱: ..\..\..\Converted\Y2020\M10\D19\2020_10_19_14_40_00.dat
本地dat檔案存在!檢查遠端檔案是否存在...
curl.exe -s -d "{\"Version\":\"20200824a\",\"SiteName\":\"[20200729GEFA]Taiwan-NewTaipeiCity-HuangZuiShan(HUZS)\",\"GEF_JSON_FileName\":\"2020_10_19_14_40_00.json\",\"CMD\":\"Exist?\"}" -k -H "Content-Type: application/json" -X POST https://cgrg.synology.me/TWGEFN/api/GEF_tool.php
遠端GEF_JSON不存在!需要轉檔並上傳!
轉檔目標:..\..\..\Converted\Y2020\M10\D19\2020_10_19_14_40_00.dat
紀錄起始時間(台北時間):2020-10-19 14:40:0
轉檔成功!上傳檔案!
上傳檔案成功!刪除本地檔案!
--
#3 本地dat檔案名稱: ..\..\..\Converted\Y2020\M10\D19\2020_10_19_14_50_00.dat
本地dat檔案存在!檢查遠端檔案是否存在...
curl.exe -s -d "{\"Version\":\"20200824a\",\"SiteName\":\"[20200729GEFA]Taiwan-NewTaipeiCity-HuangZuiShan(HUZS)\",\"GEF_JSON_FileName\":\"2020_10_19_14_50_00.json\",\"CMD\":\"Exist?\"}" -k -H "Content-Type: application/json" -X POST https://cgrg.synology.me/TWGEFN/api/GEF_tool.php
遠端GEF_JSON不存在!需要轉檔並上傳!
轉檔目標:..\..\..\Converted\Y2020\M10\D19\2020_10_19_14_50_00.dat
紀錄起始時間(台北時間):2020-10-19 14:50:0
轉檔成功!上傳檔案!
上傳檔案成功!刪除本地檔案!
--
#4 本地dat檔案名稱: ..\..\..\Converted\Y2020\M10\D19\2020_10_19_15_00_00.dat
本地dat檔案存在!檢查遠端檔案是否存在...
curl.exe -s -d "{\"Version\":\"20200824a\",\"SiteName\":\"[20200729GEFA]Taiwan-NewTaipeiCity-HuangZuiShan(HUZS)\",\"GEF_JSON_FileName\":\"2020_10_19_15_00_00.json\",\"CMD\":\"Exist?\"}" -k -H "Content-Type: application/json" -X POST https://cgrg.synology.me/TWGEFN/api/GEF_tool.php
遠端GEF_JSON不存在!需要轉檔並上傳!
轉檔目標:..\..\..\Converted\Y2020\M10\D19\2020_10_19_15_00_00.dat
紀錄起始時間(台北時間):2020-10-19 15:0:0
轉檔成功!上傳檔案!
上傳檔案成功!刪除本地檔案!
--
#4 本地dat檔案名稱: ..\..\..\Converted\Y2020\M10\D19\2020_10_19_15_10_00.dat
本地dat檔案存在!檢查遠端檔案是否存在...
curl.exe -s -d "{\"Version\":\"20200824a\",\"SiteName\":\"[20200729GEFA]Taiwan-NewTaipeiCity-HuangZuiShan(HUZS)\",\"GEF_JSON_FileName\":\"2020_10_19_15_10_00.json\",\"CMD\":\"Exist?\"}" -k -H "Content-Type: application/json" -X POST https://cgrg.synology.me/TWGEFN/api/GEF_tool.php
遠端GEF_JSON不存在!需要轉檔並上傳!
轉檔目標:..\..\..\Converted\Y2020\M10\D19\2020_10_19_15_10_00.dat
紀錄起始時間(台北時間):2020-10-19 15:10:0
轉檔成功!上傳檔案!
上傳檔案成功!刪除本地檔案!
--
#4 本地dat檔案名稱: ..\..\..\Converted\Y2020\M10\D19\2020_10_19_15_20_00.dat
本地dat檔案存在!檢查遠端檔案是否存在...
curl.exe -s -d "{\"Version\":\"20200824a\",\"SiteName\":\"[20200729GEFA]Taiwan-NewTaipeiCity-HuangZuiShan(HUZS)\",\"GEF_JSON_FileName\":\"2020_10_19_15_20_00.json\",\"CMD\":\"Exist?\"}" -k -H "Content-Type: application/json" -X POST https://cgrg.synology.me/TWGEFN/api/GEF_tool.php
遠端GEF_JSON不存在!需要轉檔並上傳!
轉檔目標:..\..\..\Converted\Y2020\M10\D19\2020_10_19_15_20_00.dat
紀錄起始時間(台北時間):2020-10-19 15:20:0
轉檔成功!上傳檔案!
上傳檔案成功!刪除本地檔案!
--
#4 本地dat檔案名稱: ..\..\..\Converted\Y2020\M10\D19\2020_10_19_15_30_00.dat
本地dat檔案存在!檢查遠端檔案是否存在...
curl.exe -s -d "{\"Version\":\"20200824a\",\"SiteName\":\"[20200729GEFA]Taiwan-NewTaipeiCity-HuangZuiShan(HUZS)\",\"GEF_JSON_FileName\":\"2020_10_19_15_30_00.json\",\"CMD\":\"Exist?\"}" -k -H "Content-Type: application/json" -X POST https://cgrg.synology.me/TWGEFN/api/GEF_tool.php
遠端GEF_JSON不存在!需要轉檔並上傳!
轉檔目標:..\..\..\Converted\Y2020\M10\D19\2020_10_19_15_30_00.dat
紀錄起始時間(台北時間):2020-10-19 15:30:0
轉檔成功!上傳檔案!
上傳檔案成功!刪除本地檔案!
--
#4 本地dat檔案名稱: ..\..\..\Converted\Y2020\M10\D19\2020_10_19_15_40_00.dat
本地dat檔案存在!檢查遠端檔案是否存在...
curl.exe -s -d "{\"Version\":\"20200824a\",\"SiteName\":\"[20200729GEFA]Taiwan-NewTaipeiCity-HuangZuiShan(HUZS)\",\"GEF_JSON_FileName\":\"2020_10_19_15_40_00.json\",\"CMD\":\"Exist?\"}" -k -H "Content-Type: application/json" -X POST https://cgrg.synology.me/TWGEFN/api/GEF_tool.php
遠端GEF_JSON不存在!需要轉檔並上傳!
轉檔目標:..\..\..\Converted\Y2020\M10\D19\2020_10_19_15_40_00.dat
紀錄起始時間(台北時間):2020-10-19 15:40:0
轉檔成功!上傳檔案!
上傳檔案成功!刪除本地檔案!
--
#4 本地dat檔案名稱: ..\..\..\Converted\Y2020\M10\D19\2020_10_19_15_50_00.dat
本地dat檔案存在!檢查遠端檔案是否存在...
curl.exe -s -d "{\"Version\":\"20200824a\",\"SiteName\":\"[20200729GEFA]Taiwan-NewTaipeiCity-HuangZuiShan(HUZS)\",\"GEF_JSON_FileName\":\"2020_10_19_15_50_00.json\",\"CMD\":\"Exist?\"}" -k -H "Content-Type: application/json" -X POST https://cgrg.synology.me/TWGEFN/api/GEF_tool.php
遠端GEF_JSON不存在!需要轉檔並上傳!
轉檔目標:..\..\..\Converted\Y2020\M10\D19\2020_10_19_15_50_00.dat
紀錄起始時間(台北時間):2020-10-19 15:50:0
轉檔成功!上傳檔案!
上傳檔案成功!刪除本地檔案!
--
#5 本地dat檔案名稱: ..\..\..\Converted\Y2020\M10\D19\2020_10_19_16_00_00.dat
本地dat檔案存在!檢查遠端檔案是否存在...
curl.exe -s -d "{\"Version\":\"20200824a\",\"SiteName\":\"[20200729GEFA]Taiwan-NewTaipeiCity-HuangZuiShan(HUZS)\",\"GEF_JSON_FileName\":\"2020_10_19_16_00_00.json\",\"CMD\":\"Exist?\"}" -k -H "Content-Type: application/json" -X POST https://cgrg.synology.me/TWGEFN/api/GEF_tool.php
遠端GEF_JSON不存在!需要轉檔並上傳!
轉檔目標:..\..\..\Converted\Y2020\M10\D19\2020_10_19_16_00_00.dat
紀錄起始時間(台北時間):2020-10-19 16:0:0
轉檔成功!上傳檔案!
上傳檔案成功!刪除本地檔案!
--
#5 本地dat檔案名稱: ..\..\..\Converted\Y2020\M10\D19\2020_10_19_16_10_00.dat
本地dat檔案存在!檢查遠端檔案是否存在...
curl.exe -s -d "{\"Version\":\"20200824a\",\"SiteName\":\"[20200729GEFA]Taiwan-NewTaipeiCity-HuangZuiShan(HUZS)\",\"GEF_JSON_FileName\":\"2020_10_19_16_10_00.json\",\"CMD\":\"Exist?\"}" -k -H "Content-Type: application/json" -X POST https://cgrg.synology.me/TWGEFN/api/GEF_tool.php
遠端GEF_JSON不存在!需要轉檔並上傳!
轉檔目標:..\..\..\Converted\Y2020\M10\D19\2020_10_19_16_10_00.dat
紀錄起始時間(台北時間):2020-10-19 16:10:0
轉檔成功!上傳檔案!
上傳檔案成功!刪除本地檔案!
--
#5 本地dat檔案名稱: ..\..\..\Converted\Y2020\M10\D19\2020_10_19_16_20_00.dat
本地dat檔案存在!檢查遠端檔案是否存在...
curl.exe -s -d "{\"Version\":\"20200824a\",\"SiteName\":\"[20200729GEFA]Taiwan-NewTaipeiCity-HuangZuiShan(HUZS)\",\"GEF_JSON_FileName\":\"2020_10_19_16_20_00.json\",\"CMD\":\"Exist?\"}" -k -H "Content-Type: application/json" -X POST https://cgrg.synology.me/TWGEFN/api/GEF_tool.php
遠端GEF_JSON不存在!需要轉檔並上傳!
轉檔目標:..\..\..\Converted\Y2020\M10\D19\2020_10_19_16_20_00.dat
紀錄起始時間(台北時間):2020-10-19 16:20:0
轉檔成功!上傳檔案!
上傳檔案成功!刪除本地檔案!
--
#5 本地dat檔案名稱: ..\..\..\Converted\Y2020\M10\D19\2020_10_19_16_30_00.dat
本地dat檔案存在!檢查遠端檔案是否存在...
curl.exe -s -d "{\"Version\":\"20200824a\",\"SiteName\":\"[20200729GEFA]Taiwan-NewTaipeiCity-HuangZuiShan(HUZS)\",\"GEF_JSON_FileName\":\"2020_10_19_16_30_00.json\",\"CMD\":\"Exist?\"}" -k -H "Content-Type: application/json" -X POST https://cgrg.synology.me/TWGEFN/api/GEF_tool.php
遠端GEF_JSON不存在!需要轉檔並上傳!
轉檔目標:..\..\..\Converted\Y2020\M10\D19\2020_10_19_16_30_00.dat
紀錄起始時間(台北時間):2020-10-19 16:30:0
轉檔成功!上傳檔案!
上傳檔案成功!刪除本地檔案!
--
#5 本地dat檔案名稱: ..\..\..\Converted\Y2020\M10\D19\2020_10_19_16_40_00.dat
本地dat檔案存在!檢查遠端檔案是否存在...
curl.exe -s -d "{\"Version\":\"20200824a\",\"SiteName\":\"[20200729GEFA]Taiwan-NewTaipeiCity-HuangZuiShan(HUZS)\",\"GEF_JSON_FileName\":\"2020_10_19_16_40_00.json\",\"CMD\":\"Exist?\"}" -k -H "Content-Type: application/json" -X POST https://cgrg.synology.me/TWGEFN/api/GEF_tool.php
遠端GEF_JSON不存在!需要轉檔並上傳!
轉檔目標:..\..\..\Converted\Y2020\M10\D19\2020_10_19_16_40_00.dat
紀錄起始時間(台北時間):2020-10-19 16:40:0
轉檔成功!上傳檔案!
上傳檔案成功!刪除本地檔案!
--
#5 本地dat檔案名稱: ..\..\..\Converted\Y2020\M10\D19\2020_10_19_16_50_00.dat
本地dat檔案存在!檢查遠端檔案是否存在...
curl.exe -s -d "{\"Version\":\"20200824a\",\"SiteName\":\"[20200729GEFA]Taiwan-NewTaipeiCity-HuangZuiShan(HUZS)\",\"GEF_JSON_FileName\":\"2020_10_19_16_50_00.json\",\"CMD\":\"Exist?\"}" -k -H "Content-Type: application/json" -X POST https://cgrg.synology.me/TWGEFN/api/GEF_tool.php
遠端GEF_JSON不存在!需要轉檔並上傳!
轉檔目標:..\..\..\Converted\Y2020\M10\D19\2020_10_19_16_50_00.dat
紀錄起始時間(台北時間):2020-10-19 16:50:0
轉檔成功!上傳檔案!
上傳檔案成功!刪除本地檔案!
--
#6 本地dat檔案名稱: ..\..\..\Converted\Y2020\M10\D19\2020_10_19_17_00_00.dat
本地dat檔案存在!檢查遠端檔案是否存在...
curl.exe -s -d "{\"Version\":\"20200824a\",\"SiteName\":\"[20200729GEFA]Taiwan-NewTaipeiCity-HuangZuiShan(HUZS)\",\"GEF_JSON_FileName\":\"2020_10_19_17_00_00.json\",\"CMD\":\"Exist?\"}" -k -H "Content-Type: application/json" -X POST https://cgrg.synology.me/TWGEFN/api/GEF_tool.php
遠端GEF_JSON不存在!需要轉檔並上傳!
轉檔目標:..\..\..\Converted\Y2020\M10\D19\2020_10_19_17_00_00.dat
紀錄起始時間(台北時間):2020-10-19 17:0:0
轉檔成功!上傳檔案!
上傳檔案成功!刪除本地檔案!
--
#6 本地dat檔案名稱: ..\..\..\Converted\Y2020\M10\D19\2020_10_19_17_10_00.dat
本地dat檔案存在!檢查遠端檔案是否存在...
curl.exe -s -d "{\"Version\":\"20200824a\",\"SiteName\":\"[20200729GEFA]Taiwan-NewTaipeiCity-HuangZuiShan(HUZS)\",\"GEF_JSON_FileName\":\"2020_10_19_17_10_00.json\",\"CMD\":\"Exist?\"}" -k -H "Content-Type: application/json" -X POST https://cgrg.synology.me/TWGEFN/api/GEF_tool.php
遠端GEF_JSON不存在!需要轉檔並上傳!
轉檔目標:..\..\..\Converted\Y2020\M10\D19\2020_10_19_17_10_00.dat
紀錄起始時間(台北時間):2020-10-19 17:10:0
轉檔成功!上傳檔案!
上傳檔案成功!刪除本地檔案!
--
#6 本地dat檔案名稱: ..\..\..\Converted\Y2020\M10\D19\2020_10_19_17_20_00.dat
本地dat檔案存在!檢查遠端檔案是否存在...
curl.exe -s -d "{\"Version\":\"20200824a\",\"SiteName\":\"[20200729GEFA]Taiwan-NewTaipeiCity-HuangZuiShan(HUZS)\",\"GEF_JSON_FileName\":\"2020_10_19_17_20_00.json\",\"CMD\":\"Exist?\"}" -k -H "Content-Type: application/json" -X POST https://cgrg.synology.me/TWGEFN/api/GEF_tool.php
遠端GEF_JSON不存在!需要轉檔並上傳!
轉檔目標:..\..\..\Converted\Y2020\M10\D19\2020_10_19_17_20_00.dat
紀錄起始時間(台北時間):2020-10-19 17:20:0
轉檔成功!上傳檔案!
上傳檔案成功!刪除本地檔案!
--
#6 本地dat檔案名稱: ..\..\..\Converted\Y2020\M10\D19\2020_10_19_17_30_00.dat
本地dat檔案存在!檢查遠端檔案是否存在...
curl.exe -s -d "{\"Version\":\"20200824a\",\"SiteName\":\"[20200729GEFA]Taiwan-NewTaipeiCity-HuangZuiShan(HUZS)\",\"GEF_JSON_FileName\":\"2020_10_19_17_30_00.json\",\"CMD\":\"Exist?\"}" -k -H "Content-Type: application/json" -X POST https://cgrg.synology.me/TWGEFN/api/GEF_tool.php
遠端GEF_JSON不存在!需要轉檔並上傳!
轉檔目標:..\..\..\Converted\Y2020\M10\D19\2020_10_19_17_30_00.dat
紀錄起始時間(台北時間):2020-10-19 17:30:0
轉檔成功!上傳檔案!
上傳檔案成功!刪除本地檔案!
--
#6 本地dat檔案名稱: ..\..\..\Converted\Y2020\M10\D19\2020_10_19_17_40_00.dat
本地dat檔案存在!檢查遠端檔案是否存在...
curl.exe -s -d "{\"Version\":\"20200824a\",\"SiteName\":\"[20200729GEFA]Taiwan-NewTaipeiCity-HuangZuiShan(HUZS)\",\"GEF_JSON_FileName\":\"2020_10_19_17_40_00.json\",\"CMD\":\"Exist?\"}" -k -H "Content-Type: application/json" -X POST https://cgrg.synology.me/TWGEFN/api/GEF_tool.php
遠端GEF_JSON不存在!需要轉檔並上傳!
轉檔目標:..\..\..\Converted\Y2020\M10\D19\2020_10_19_17_40_00.dat
紀錄起始時間(台北時間):2020-10-19 17:40:0
轉檔成功!上傳檔案!
上傳檔案成功!刪除本地檔案!
--
#6 本地dat檔案名稱: ..\..\..\Converted\Y2020\M10\D19\2020_10_19_17_50_00.dat
本地dat檔案存在!檢查遠端檔案是否存在...
curl.exe -s -d "{\"Version\":\"20200824a\",\"SiteName\":\"[20200729GEFA]Taiwan-NewTaipeiCity-HuangZuiShan(HUZS)\",\"GEF_JSON_FileName\":\"2020_10_19_17_50_00.json\",\"CMD\":\"Exist?\"}" -k -H "Content-Type: application/json" -X POST https://cgrg.synology.me/TWGEFN/api/GEF_tool.php
遠端GEF_JSON不存在!需要轉檔並上傳!
轉檔目標:..\..\..\Converted\Y2020\M10\D19\2020_10_19_17_50_00.dat
紀錄起始時間(台北時間):2020-10-19 17:50:0
轉檔成功!上傳檔案!
上傳檔案成功!刪除本地檔案!
--
#7 本地dat檔案名稱: ..\..\..\Converted\Y2020\M10\D19\2020_10_19_18_00_00.dat
本地dat檔案存在!檢查遠端檔案是否存在...
curl.exe -s -d "{\"Version\":\"20200824a\",\"SiteName\":\"[20200729GEFA]Taiwan-NewTaipeiCity-HuangZuiShan(HUZS)\",\"GEF_JSON_FileName\":\"2020_10_19_18_00_00.json\",\"CMD\":\"Exist?\"}" -k -H "Content-Type: application/json" -X POST https://cgrg.synology.me/TWGEFN/api/GEF_tool.php
遠端GEF_JSON不存在!需要轉檔並上傳!
轉檔目標:..\..\..\Converted\Y2020\M10\D19\2020_10_19_18_00_00.dat
紀錄起始時間(台北時間):2020-10-19 18:0:0
轉檔成功!上傳檔案!
上傳檔案成功!刪除本地檔案!
--
#7 本地dat檔案名稱: ..\..\..\Converted\Y2020\M10\D19\2020_10_19_18_10_00.dat
本地dat檔案存在!檢查遠端檔案是否存在...
curl.exe -s -d "{\"Version\":\"20200824a\",\"SiteName\":\"[20200729GEFA]Taiwan-NewTaipeiCity-HuangZuiShan(HUZS)\",\"GEF_JSON_FileName\":\"2020_10_19_18_10_00.json\",\"CMD\":\"Exist?\"}" -k -H "Content-Type: application/json" -X POST https://cgrg.synology.me/TWGEFN/api/GEF_tool.php
遠端GEF_JSON不存在!需要轉檔並上傳!
轉檔目標:..\..\..\Converted\Y2020\M10\D19\2020_10_19_18_10_00.dat
紀錄起始時間(台北時間):2020-10-19 18:10:0
轉檔成功!上傳檔案!
上傳檔案成功!刪除本地檔案!
--
#7 本地dat檔案名稱: ..\..\..\Converted\Y2020\M10\D19\2020_10_19_18_20_00.dat
本地dat檔案存在!檢查遠端檔案是否存在...
curl.exe -s -d "{\"Version\":\"20200824a\",\"SiteName\":\"[20200729GEFA]Taiwan-NewTaipeiCity-HuangZuiShan(HUZS)\",\"GEF_JSON_FileName\":\"2020_10_19_18_20_00.json\",\"CMD\":\"Exist?\"}" -k -H "Content-Type: application/json" -X POST https://cgrg.synology.me/TWGEFN/api/GEF_tool.php
遠端GEF_JSON不存在!需要轉檔並上傳!
轉檔目標:..\..\..\Converted\Y2020\M10\D19\2020_10_19_18_20_00.dat
紀錄起始時間(台北時間):2020-10-19 18:20:0
轉檔成功!上傳檔案!
上傳檔案成功!刪除本地檔案!
--
#7 本地dat檔案名稱: ..\..\..\Converted\Y2020\M10\D19\2020_10_19_18_30_00.dat
本地dat檔案存在!檢查遠端檔案是否存在...
curl.exe -s -d "{\"Version\":\"20200824a\",\"SiteName\":\"[20200729GEFA]Taiwan-NewTaipeiCity-HuangZuiShan(HUZS)\",\"GEF_JSON_FileName\":\"2020_10_19_18_30_00.json\",\"CMD\":\"Exist?\"}" -k -H "Content-Type: application/json" -X POST https://cgrg.synology.me/TWGEFN/api/GEF_tool.php
遠端GEF_JSON不存在!需要轉檔並上傳!
轉檔目標:..\..\..\Converted\Y2020\M10\D19\2020_10_19_18_30_00.dat
紀錄起始時間(台北時間):2020-10-19 18:30:0
轉檔成功!上傳檔案!
上傳檔案成功!刪除本地檔案!
--
#7 本地dat檔案名稱: ..\..\..\Converted\Y2020\M10\D19\2020_10_19_18_40_00.dat
本地dat檔案存在!檢查遠端檔案是否存在...
curl.exe -s -d "{\"Version\":\"20200824a\",\"SiteName\":\"[20200729GEFA]Taiwan-NewTaipeiCity-HuangZuiShan(HUZS)\",\"GEF_JSON_FileName\":\"2020_10_19_18_40_00.json\",\"CMD\":\"Exist?\"}" -k -H "Content-Type: application/json" -X POST https://cgrg.synology.me/TWGEFN/api/GEF_tool.php
遠端GEF_JSON不存在!需要轉檔並上傳!
轉檔目標:..\..\..\Converted\Y2020\M10\D19\2020_10_19_18_40_00.dat
紀錄起始時間(台北時間):2020-10-19 18:40:0
轉檔成功!上傳檔案!
上傳檔案成功!刪除本地檔案!
--
#7 本地dat檔案名稱: ..\..\..\Converted\Y2020\M10\D19\2020_10_19_18_50_00.dat
本地dat檔案存在!檢查遠端檔案是否存在...
curl.exe -s -d "{\"Version\":\"20200824a\",\"SiteName\":\"[20200729GEFA]Taiwan-NewTaipeiCity-HuangZuiShan(HUZS)\",\"GEF_JSON_FileName\":\"2020_10_19_18_50_00.json\",\"CMD\":\"Exist?\"}" -k -H "Content-Type: application/json" -X POST https://cgrg.synology.me/TWGEFN/api/GEF_tool.php
遠端GEF_JSON不存在!需要轉檔並上傳!
轉檔目標:..\..\..\Converted\Y2020\M10\D19\2020_10_19_18_50_00.dat
紀錄起始時間(台北時間):2020-10-19 18:50:0
轉檔成功!上傳檔案!
上傳檔案成功!刪除本地檔案!
--
#8 本地dat檔案名稱: ..\..\..\Converted\Y2020\M10\D19\2020_10_19_19_00_00.dat
本地dat檔案存在!檢查遠端檔案是否存在...
curl.exe -s -d "{\"Version\":\"20200824a\",\"SiteName\":\"[20200729GEFA]Taiwan-NewTaipeiCity-HuangZuiShan(HUZS)\",\"GEF_JSON_FileName\":\"2020_10_19_19_00_00.json\",\"CMD\":\"Exist?\"}" -k -H "Content-Type: application/json" -X POST https://cgrg.synology.me/TWGEFN/api/GEF_tool.php
遠端GEF_JSON不存在!需要轉檔並上傳!
轉檔目標:..\..\..\Converted\Y2020\M10\D19\2020_10_19_19_00_00.dat
紀錄起始時間(台北時間):2020-10-19 19:0:0
轉檔成功!上傳檔案!
上傳檔案成功!刪除本地檔案!
--
#8 本地dat檔案名稱: ..\..\..\Converted\Y2020\M10\D19\2020_10_19_19_10_00.dat
本地dat檔案存在!檢查遠端檔案是否存在...
curl.exe -s -d "{\"Version\":\"20200824a\",\"SiteName\":\"[20200729GEFA]Taiwan-NewTaipeiCity-HuangZuiShan(HUZS)\",\"GEF_JSON_FileName\":\"2020_10_19_19_10_00.json\",\"CMD\":\"Exist?\"}" -k -H "Content-Type: application/json" -X POST https://cgrg.synology.me/TWGEFN/api/GEF_tool.php
遠端GEF_JSON不存在!需要轉檔並上傳!
轉檔目標:..\..\..\Converted\Y2020\M10\D19\2020_10_19_19_10_00.dat
紀錄起始時間(台北時間):2020-10-19 19:10:0
轉檔成功!上傳檔案!
上傳檔案成功!刪除本地檔案!
--
#8 本地dat檔案名稱: ..\..\..\Converted\Y2020\M10\D19\2020_10_19_19_20_00.dat
本地dat檔案存在!檢查遠端檔案是否存在...
curl.exe -s -d "{\"Version\":\"20200824a\",\"SiteName\":\"[20200729GEFA]Taiwan-NewTaipeiCity-HuangZuiShan(HUZS)\",\"GEF_JSON_FileName\":\"2020_10_19_19_20_00.json\",\"CMD\":\"Exist?\"}" -k -H "Content-Type: application/json" -X POST https://cgrg.synology.me/TWGEFN/api/GEF_tool.php
遠端GEF_JSON不存在!需要轉檔並上傳!
轉檔目標:..\..\..\Converted\Y2020\M10\D19\2020_10_19_19_20_00.dat
紀錄起始時間(台北時間):2020-10-19 19:20:0
轉檔成功!上傳檔案!
上傳檔案成功!刪除本地檔案!
--
#8 本地dat檔案名稱: ..\..\..\Converted\Y2020\M10\D19\2020_10_19_19_30_00.dat
本地dat檔案存在!檢查遠端檔案是否存在...
curl.exe -s -d "{\"Version\":\"20200824a\",\"SiteName\":\"[20200729GEFA]Taiwan-NewTaipeiCity-HuangZuiShan(HUZS)\",\"GEF_JSON_FileName\":\"2020_10_19_19_30_00.json\",\"CMD\":\"Exist?\"}" -k -H "Content-Type: application/json" -X POST https://cgrg.synology.me/TWGEFN/api/GEF_tool.php
遠端GEF_JSON不存在!需要轉檔並上傳!
轉檔目標:..\..\..\Converted\Y2020\M10\D19\2020_10_19_19_30_00.dat
紀錄起始時間(台北時間):2020-10-19 19:30:0
轉檔成功!上傳檔案!
上傳檔案成功!刪除本地檔案!
--
#8 本地dat檔案名稱: ..\..\..\Converted\Y2020\M10\D19\2020_10_19_19_40_00.dat
本地dat檔案不存在!略過!
--
#8 本地dat檔案名稱: ..\..\..\Converted\Y2020\M10\D19\2020_10_19_19_50_00.dat
本地dat檔案不存在!略過!
--
--
現在時間: 2020-10-19 19:53:31
檢查時間: 2020-10-18 19:53:31
本地dat檔案存在!檢查遠端檔案是否存在...
遠端GEF_JSON存在!略過!
檢查時間: 2020-10-17 19:53:31
本地dat檔案存在!檢查遠端檔案是否存在...
遠端GEF_JSON存在!略過!
檢查時間: 2020-10-16 19:53:32
本地dat檔案存在!檢查遠端檔案是否存在...
遠端GEF_JSON存在!略過!
--
需要檢查的日期
#1 本地dat檔案名稱: ..\..\..\Converted\Y2020\M10\D19\2020_10_19_15_00_00.dat
本地dat檔案存在!檢查遠端檔案是否存在...
curl.exe -s -d "{\"Version\":\"20200824a\",\"SiteName\":\"[20200729GEFA]Taiwan-NewTaipeiCity-HuangZuiShan(HUZS)\",\"GEF_JSON_FileName\":\"2020_10_19_15_00_00.json\",\"CMD\":\"Exist?\"}" -k -H "Content-Type: application/json" -X POST https://cgrg.synology.me/TWGEFN/api/GEF_tool.php
遠端GEF_JSON存在!略過!
--
#1 本地dat檔案名稱: ..\..\..\Converted\Y2020\M10\D19\2020_10_19_15_10_00.dat
本地dat檔案存在!檢查遠端檔案是否存在...
curl.exe -s -d "{\"Version\":\"20200824a\",\"SiteName\":\"[20200729GEFA]Taiwan-NewTaipeiCity-HuangZuiShan(HUZS)\",\"GEF_JSON_FileName\":\"2020_10_19_15_10_00.json\",\"CMD\":\"Exist?\"}" -k -H "Content-Type: application/json" -X POST https://cgrg.synology.me/TWGEFN/api/GEF_tool.php
遠端GEF_JSON存在!略過!
--
#1 本地dat檔案名稱: ..\..\..\Converted\Y2020\M10\D19\2020_10_19_15_20_00.dat
本地dat檔案存在!檢查遠端檔案是否存在...
curl.exe -s -d "{\"Version\":\"20200824a\",\"SiteName\":\"[20200729GEFA]Taiwan-NewTaipeiCity-HuangZuiShan(HUZS)\",\"GEF_JSON_FileName\":\"2020_10_19_15_20_00.json\",\"CMD\":\"Exist?\"}" -k -H "Content-Type: application/json" -X POST https://cgrg.synology.me/TWGEFN/api/GEF_tool.php
遠端GEF_JSON存在!略過!
--
#1 本地dat檔案名稱: ..\..\..\Converted\Y2020\M10\D19\2020_10_19_15_30_00.dat
本地dat檔案存在!檢查遠端檔案是否存在...
curl.exe -s -d "{\"Version\":\"20200824a\",\"SiteName\":\"[20200729GEFA]Taiwan-NewTaipeiCity-HuangZuiShan(HUZS)\",\"GEF_JSON_FileName\":\"2020_10_19_15_30_00.json\",\"CMD\":\"Exist?\"}" -k -H "Content-Type: application/json" -X POST https://cgrg.synology.me/TWGEFN/api/GEF_tool.php
遠端GEF_JSON存在!略過!
--
#1 本地dat檔案名稱: ..\..\..\Converted\Y2020\M10\D19\2020_10_19_15_40_00.dat
本地dat檔案存在!檢查遠端檔案是否存在...
curl.exe -s -d "{\"Version\":\"20200824a\",\"SiteName\":\"[20200729GEFA]Taiwan-NewTaipeiCity-HuangZuiShan(HUZS)\",\"GEF_JSON_FileName\":\"2020_10_19_15_40_00.json\",\"CMD\":\"Exist?\"}" -k -H "Content-Type: application/json" -X POST https://cgrg.synology.me/TWGEFN/api/GEF_tool.php
遠端GEF_JSON存在!略過!
--
#1 本地dat檔案名稱: ..\..\..\Converted\Y2020\M10\D19\2020_10_19_15_50_00.dat
本地dat檔案存在!檢查遠端檔案是否存在...
curl.exe -s -d "{\"Version\":\"20200824a\",\"SiteName\":\"[20200729GEFA]Taiwan-NewTaipeiCity-HuangZuiShan(HUZS)\",\"GEF_JSON_FileName\":\"2020_10_19_15_50_00.json\",\"CMD\":\"Exist?\"}" -k -H "Content-Type: application/json" -X POST https://cgrg.synology.me/TWGEFN/api/GEF_tool.php
遠端GEF_JSON存在!略過!
--
#2 本地dat檔案名稱: ..\..\..\Converted\Y2020\M10\D19\2020_10_19_16_00_00.dat
本地dat檔案存在!檢查遠端檔案是否存在...
curl.exe -s -d "{\"Version\":\"20200824a\",\"SiteName\":\"[20200729GEFA]Taiwan-NewTaipeiCity-HuangZuiShan(HUZS)\",\"GEF_JSON_FileName\":\"2020_10_19_16_00_00.json\",\"CMD\":\"Exist?\"}" -k -H "Content-Type: application/json" -X POST https://cgrg.synology.me/TWGEFN/api/GEF_tool.php
遠端GEF_JSON存在!略過!
--
#2 本地dat檔案名稱: ..\..\..\Converted\Y2020\M10\D19\2020_10_19_16_10_00.dat
本地dat檔案存在!檢查遠端檔案是否存在...
curl.exe -s -d "{\"Version\":\"20200824a\",\"SiteName\":\"[20200729GEFA]Taiwan-NewTaipeiCity-HuangZuiShan(HUZS)\",\"GEF_JSON_FileName\":\"2020_10_19_16_10_00.json\",\"CMD\":\"Exist?\"}" -k -H "Content-Type: application/json" -X POST https://cgrg.synology.me/TWGEFN/api/GEF_tool.php
遠端GEF_JSON存在!略過!
--
#2 本地dat檔案名稱: ..\..\..\Converted\Y2020\M10\D19\2020_10_19_16_20_00.dat
本地dat檔案存在!檢查遠端檔案是否存在...
curl.exe -s -d "{\"Version\":\"20200824a\",\"SiteName\":\"[20200729GEFA]Taiwan-NewTaipeiCity-HuangZuiShan(HUZS)\",\"GEF_JSON_FileName\":\"2020_10_19_16_20_00.json\",\"CMD\":\"Exist?\"}" -k -H "Content-Type: application/json" -X POST https://cgrg.synology.me/TWGEFN/api/GEF_tool.php
遠端GEF_JSON存在!略過!
--
#2 本地dat檔案名稱: ..\..\..\Converted\Y2020\M10\D19\2020_10_19_16_30_00.dat
本地dat檔案存在!檢查遠端檔案是否存在...
curl.exe -s -d "{\"Version\":\"20200824a\",\"SiteName\":\"[20200729GEFA]Taiwan-NewTaipeiCity-HuangZuiShan(HUZS)\",\"GEF_JSON_FileName\":\"2020_10_19_16_30_00.json\",\"CMD\":\"Exist?\"}" -k -H "Content-Type: application/json" -X POST https://cgrg.synology.me/TWGEFN/api/GEF_tool.php
遠端GEF_JSON存在!略過!
--
#2 本地dat檔案名稱: ..\..\..\Converted\Y2020\M10\D19\2020_10_19_16_40_00.dat
本地dat檔案存在!檢查遠端檔案是否存在...
curl.exe -s -d "{\"Version\":\"20200824a\",\"SiteName\":\"[20200729GEFA]Taiwan-NewTaipeiCity-HuangZuiShan(HUZS)\",\"GEF_JSON_FileName\":\"2020_10_19_16_40_00.json\",\"CMD\":\"Exist?\"}" -k -H "Content-Type: application/json" -X POST https://cgrg.synology.me/TWGEFN/api/GEF_tool.php
遠端GEF_JSON存在!略過!
--
#2 本地dat檔案名稱: ..\..\..\Converted\Y2020\M10\D19\2020_10_19_16_50_00.dat
本地dat檔案存在!檢查遠端檔案是否存在...
curl.exe -s -d "{\"Version\":\"20200824a\",\"SiteName\":\"[20200729GEFA]Taiwan-NewTaipeiCity-HuangZuiShan(HUZS)\",\"GEF_JSON_FileName\":\"2020_10_19_16_50_00.json\",\"CMD\":\"Exist?\"}" -k -H "Content-Type: application/json" -X POST https://cgrg.synology.me/TWGEFN/api/GEF_tool.php
遠端GEF_JSON存在!略過!
--
#3 本地dat檔案名稱: ..\..\..\Converted\Y2020\M10\D19\2020_10_19_17_00_00.dat
本地dat檔案存在!檢查遠端檔案是否存在...
curl.exe -s -d "{\"Version\":\"20200824a\",\"SiteName\":\"[20200729GEFA]Taiwan-NewTaipeiCity-HuangZuiShan(HUZS)\",\"GEF_JSON_FileName\":\"2020_10_19_17_00_00.json\",\"CMD\":\"Exist?\"}" -k -H "Content-Type: application/json" -X POST https://cgrg.synology.me/TWGEFN/api/GEF_tool.php
遠端GEF_JSON存在!略過!
--
#3 本地dat檔案名稱: ..\..\..\Converted\Y2020\M10\D19\2020_10_19_17_10_00.dat
本地dat檔案存在!檢查遠端檔案是否存在...
curl.exe -s -d "{\"Version\":\"20200824a\",\"SiteName\":\"[20200729GEFA]Taiwan-NewTaipeiCity-HuangZuiShan(HUZS)\",\"GEF_JSON_FileName\":\"2020_10_19_17_10_00.json\",\"CMD\":\"Exist?\"}" -k -H "Content-Type: application/json" -X POST https://cgrg.synology.me/TWGEFN/api/GEF_tool.php
遠端GEF_JSON存在!略過!
--
#3 本地dat檔案名稱: ..\..\..\Converted\Y2020\M10\D19\2020_10_19_17_20_00.dat
本地dat檔案存在!檢查遠端檔案是否存在...
curl.exe -s -d "{\"Version\":\"20200824a\",\"SiteName\":\"[20200729GEFA]Taiwan-NewTaipeiCity-HuangZuiShan(HUZS)\",\"GEF_JSON_FileName\":\"2020_10_19_17_20_00.json\",\"CMD\":\"Exist?\"}" -k -H "Content-Type: application/json" -X POST https://cgrg.synology.me/TWGEFN/api/GEF_tool.php
遠端GEF_JSON存在!略過!
--
#3 本地dat檔案名稱: ..\..\..\Converted\Y2020\M10\D19\2020_10_19_17_30_00.dat
本地dat檔案存在!檢查遠端檔案是否存在...
curl.exe -s -d "{\"Version\":\"20200824a\",\"SiteName\":\"[20200729GEFA]Taiwan-NewTaipeiCity-HuangZuiShan(HUZS)\",\"GEF_JSON_FileName\":\"2020_10_19_17_30_00.json\",\"CMD\":\"Exist?\"}" -k -H "Content-Type: application/json" -X POST https://cgrg.synology.me/TWGEFN/api/GEF_tool.php
遠端GEF_JSON存在!略過!
--
#3 本地dat檔案名稱: ..\..\..\Converted\Y2020\M10\D19\2020_10_19_17_40_00.dat
本地dat檔案存在!檢查遠端檔案是否存在...
curl.exe -s -d "{\"Version\":\"20200824a\",\"SiteName\":\"[20200729GEFA]Taiwan-NewTaipeiCity-HuangZuiShan(HUZS)\",\"GEF_JSON_FileName\":\"2020_10_19_17_40_00.json\",\"CMD\":\"Exist?\"}" -k -H "Content-Type: application/json" -X POST https://cgrg.synology.me/TWGEFN/api/GEF_tool.php
遠端GEF_JSON存在!略過!
--
#3 本地dat檔案名稱: ..\..\..\Converted\Y2020\M10\D19\2020_10_19_17_50_00.dat
本地dat檔案存在!檢查遠端檔案是否存在...
curl.exe -s -d "{\"Version\":\"20200824a\",\"SiteName\":\"[20200729GEFA]Taiwan-NewTaipeiCity-HuangZuiShan(HUZS)\",\"GEF_JSON_FileName\":\"2020_10_19_17_50_00.json\",\"CMD\":\"Exist?\"}" -k -H "Content-Type: application/json" -X POST https://cgrg.synology.me/TWGEFN/api/GEF_tool.php
遠端GEF_JSON存在!略過!
--
#4 本地dat檔案名稱: ..\..\..\Converted\Y2020\M10\D19\2020_10_19_18_00_00.dat
本地dat檔案存在!檢查遠端檔案是否存在...
curl.exe -s -d "{\"Version\":\"20200824a\",\"SiteName\":\"[20200729GEFA]Taiwan-NewTaipeiCity-HuangZuiShan(HUZS)\",\"GEF_JSON_FileName\":\"2020_10_19_18_00_00.json\",\"CMD\":\"Exist?\"}" -k -H "Content-Type: application/json" -X POST https://cgrg.synology.me/TWGEFN/api/GEF_tool.php
遠端GEF_JSON存在!略過!
--
#4 本地dat檔案名稱: ..\..\..\Converted\Y2020\M10\D19\2020_10_19_18_10_00.dat
本地dat檔案存在!檢查遠端檔案是否存在...
curl.exe -s -d "{\"Version\":\"20200824a\",\"SiteName\":\"[20200729GEFA]Taiwan-NewTaipeiCity-HuangZuiShan(HUZS)\",\"GEF_JSON_FileName\":\"2020_10_19_18_10_00.json\",\"CMD\":\"Exist?\"}" -k -H "Content-Type: application/json" -X POST https://cgrg.synology.me/TWGEFN/api/GEF_tool.php
遠端GEF_JSON存在!略過!
--
#4 本地dat檔案名稱: ..\..\..\Converted\Y2020\M10\D19\2020_10_19_18_20_00.dat
本地dat檔案存在!檢查遠端檔案是否存在...
curl.exe -s -d "{\"Version\":\"20200824a\",\"SiteName\":\"[20200729GEFA]Taiwan-NewTaipeiCity-HuangZuiShan(HUZS)\",\"GEF_JSON_FileName\":\"2020_10_19_18_20_00.json\",\"CMD\":\"Exist?\"}" -k -H "Content-Type: application/json" -X POST https://cgrg.synology.me/TWGEFN/api/GEF_tool.php
遠端GEF_JSON存在!略過!
--
#4 本地dat檔案名稱: ..\..\..\Converted\Y2020\M10\D19\2020_10_19_18_30_00.dat
本地dat檔案存在!檢查遠端檔案是否存在...
curl.exe -s -d "{\"Version\":\"20200824a\",\"SiteName\":\"[20200729GEFA]Taiwan-NewTaipeiCity-HuangZuiShan(HUZS)\",\"GEF_JSON_FileName\":\"2020_10_19_18_30_00.json\",\"CMD\":\"Exist?\"}" -k -H "Content-Type: application/json" -X POST https://cgrg.synology.me/TWGEFN/api/GEF_tool.php
遠端GEF_JSON存在!略過!
--
#4 本地dat檔案名稱: ..\..\..\Converted\Y2020\M10\D19\2020_10_19_18_40_00.dat
本地dat檔案存在!檢查遠端檔案是否存在...
curl.exe -s -d "{\"Version\":\"20200824a\",\"SiteName\":\"[20200729GEFA]Taiwan-NewTaipeiCity-HuangZuiShan(HUZS)\",\"GEF_JSON_FileName\":\"2020_10_19_18_40_00.json\",\"CMD\":\"Exist?\"}" -k -H "Content-Type: application/json" -X POST https://cgrg.synology.me/TWGEFN/api/GEF_tool.php
遠端GEF_JSON存在!略過!
--
#4 本地dat檔案名稱: ..\..\..\Converted\Y2020\M10\D19\2020_10_19_18_50_00.dat
本地dat檔案存在!檢查遠端檔案是否存在...
curl.exe -s -d "{\"Version\":\"20200824a\",\"SiteName\":\"[20200729GEFA]Taiwan-NewTaipeiCity-HuangZuiShan(HUZS)\",\"GEF_JSON_FileName\":\"2020_10_19_18_50_00.json\",\"CMD\":\"Exist?\"}" -k -H "Content-Type: application/json" -X POST https://cgrg.synology.me/TWGEFN/api/GEF_tool.php
遠端GEF_JSON存在!略過!
--
#5 本地dat檔案名稱: ..\..\..\Converted\Y2020\M10\D19\2020_10_19_19_00_00.dat
本地dat檔案存在!檢查遠端檔案是否存在...
curl.exe -s -d "{\"Version\":\"20200824a\",\"SiteName\":\"[20200729GEFA]Taiwan-NewTaipeiCity-HuangZuiShan(HUZS)\",\"GEF_JSON_FileName\":\"2020_10_19_19_00_00.json\",\"CMD\":\"Exist?\"}" -k -H "Content-Type: application/json" -X POST https://cgrg.synology.me/TWGEFN/api/GEF_tool.php
遠端GEF_JSON存在!略過!
--
#5 本地dat檔案名稱: ..\..\..\Converted\Y2020\M10\D19\2020_10_19_19_10_00.dat
本地dat檔案存在!檢查遠端檔案是否存在...
curl.exe -s -d "{\"Version\":\"20200824a\",\"SiteName\":\"[20200729GEFA]Taiwan-NewTaipeiCity-HuangZuiShan(HUZS)\",\"GEF_JSON_FileName\":\"2020_10_19_19_10_00.json\",\"CMD\":\"Exist?\"}" -k -H "Content-Type: application/json" -X POST https://cgrg.synology.me/TWGEFN/api/GEF_tool.php
遠端GEF_JSON存在!略過!
--
#5 本地dat檔案名稱: ..\..\..\Converted\Y2020\M10\D19\2020_10_19_19_20_00.dat
本地dat檔案存在!檢查遠端檔案是否存在...
curl.exe -s -d "{\"Version\":\"20200824a\",\"SiteName\":\"[20200729GEFA]Taiwan-NewTaipeiCity-HuangZuiShan(HUZS)\",\"GEF_JSON_FileName\":\"2020_10_19_19_20_00.json\",\"CMD\":\"Exist?\"}" -k -H "Content-Type: application/json" -X POST https://cgrg.synology.me/TWGEFN/api/GEF_tool.php
遠端GEF_JSON存在!略過!
--
#5 本地dat檔案名稱: ..\..\..\Converted\Y2020\M10\D19\2020_10_19_19_30_00.dat
本地dat檔案存在!檢查遠端檔案是否存在...
curl.exe -s -d "{\"Version\":\"20200824a\",\"SiteName\":\"[20200729GEFA]Taiwan-NewTaipeiCity-HuangZuiShan(HUZS)\",\"GEF_JSON_FileName\":\"2020_10_19_19_30_00.json\",\"CMD\":\"Exist?\"}" -k -H "Content-Type: application/json" -X POST https://cgrg.synology.me/TWGEFN/api/GEF_tool.php
遠端GEF_JSON存在!略過!
--
#5 本地dat檔案名稱: ..\..\..\Converted\Y2020\M10\D19\2020_10_19_19_40_00.dat
本地dat檔案不存在!略過!
--
#5 本地dat檔案名稱: ..\..\..\Converted\Y2020\M10\D19\2020_10_19_19_50_00.dat
本地dat檔案不存在!略過!
--
--
