現在時間: 2020-11-02 17:11:09
檢查時間: 2020-11-01 17:11:09
本地dat檔案存在!檢查遠端檔案是否存在...
遠端GEF_JSON存在!略過!
檢查時間: 2020-10-31 17:11:10
本地dat檔案存在!檢查遠端檔案是否存在...
遠端GEF_JSON存在!略過!
檢查時間: 2020-10-30 17:11:10
本地dat檔案存在!檢查遠端檔案是否存在...
遠端GEF_JSON存在!略過!
--
需要檢查的日期
#1 本地dat檔案名稱: ..\..\..\Converted\Y2020\M11\D02\2020_11_02_13_00_00.dat
本地dat檔案存在!檢查遠端檔案是否存在...
curl.exe -s -d "{\"Version\":\"20200824a\",\"SiteName\":\"[20200729GEFA]Taiwan-NewTaipeiCity-HuangZuiShan(HUZS)\",\"GEF_JSON_FileName\":\"2020_11_02_13_00_00.json\",\"CMD\":\"Exist?\"}" -k -H "Content-Type: application/json" -X POST https://cgrg.synology.me/TWGEFN/api/GEF_tool.php
遠端GEF_JSON存在!略過!
--
#1 本地dat檔案名稱: ..\..\..\Converted\Y2020\M11\D02\2020_11_02_13_10_00.dat
本地dat檔案存在!檢查遠端檔案是否存在...
curl.exe -s -d "{\"Version\":\"20200824a\",\"SiteName\":\"[20200729GEFA]Taiwan-NewTaipeiCity-HuangZuiShan(HUZS)\",\"GEF_JSON_FileName\":\"2020_11_02_13_10_00.json\",\"CMD\":\"Exist?\"}" -k -H "Content-Type: application/json" -X POST https://cgrg.synology.me/TWGEFN/api/GEF_tool.php
遠端GEF_JSON存在!略過!
--
#1 本地dat檔案名稱: ..\..\..\Converted\Y2020\M11\D02\2020_11_02_13_20_00.dat
本地dat檔案存在!檢查遠端檔案是否存在...
curl.exe -s -d "{\"Version\":\"20200824a\",\"SiteName\":\"[20200729GEFA]Taiwan-NewTaipeiCity-HuangZuiShan(HUZS)\",\"GEF_JSON_FileName\":\"2020_11_02_13_20_00.json\",\"CMD\":\"Exist?\"}" -k -H "Content-Type: application/json" -X POST https://cgrg.synology.me/TWGEFN/api/GEF_tool.php
遠端GEF_JSON存在!略過!
--
#1 本地dat檔案名稱: ..\..\..\Converted\Y2020\M11\D02\2020_11_02_13_30_00.dat
本地dat檔案存在!檢查遠端檔案是否存在...
curl.exe -s -d "{\"Version\":\"20200824a\",\"SiteName\":\"[20200729GEFA]Taiwan-NewTaipeiCity-HuangZuiShan(HUZS)\",\"GEF_JSON_FileName\":\"2020_11_02_13_30_00.json\",\"CMD\":\"Exist?\"}" -k -H "Content-Type: application/json" -X POST https://cgrg.synology.me/TWGEFN/api/GEF_tool.php
遠端GEF_JSON存在!略過!
--
#1 本地dat檔案名稱: ..\..\..\Converted\Y2020\M11\D02\2020_11_02_13_40_00.dat
本地dat檔案存在!檢查遠端檔案是否存在...
curl.exe -s -d "{\"Version\":\"20200824a\",\"SiteName\":\"[20200729GEFA]Taiwan-NewTaipeiCity-HuangZuiShan(HUZS)\",\"GEF_JSON_FileName\":\"2020_11_02_13_40_00.json\",\"CMD\":\"Exist?\"}" -k -H "Content-Type: application/json" -X POST https://cgrg.synology.me/TWGEFN/api/GEF_tool.php
遠端GEF_JSON存在!略過!
--
#1 本地dat檔案名稱: ..\..\..\Converted\Y2020\M11\D02\2020_11_02_13_50_00.dat
本地dat檔案存在!檢查遠端檔案是否存在...
curl.exe -s -d "{\"Version\":\"20200824a\",\"SiteName\":\"[20200729GEFA]Taiwan-NewTaipeiCity-HuangZuiShan(HUZS)\",\"GEF_JSON_FileName\":\"2020_11_02_13_50_00.json\",\"CMD\":\"Exist?\"}" -k -H "Content-Type: application/json" -X POST https://cgrg.synology.me/TWGEFN/api/GEF_tool.php
遠端GEF_JSON存在!略過!
--
#2 本地dat檔案名稱: ..\..\..\Converted\Y2020\M11\D02\2020_11_02_14_00_00.dat
本地dat檔案存在!檢查遠端檔案是否存在...
curl.exe -s -d "{\"Version\":\"20200824a\",\"SiteName\":\"[20200729GEFA]Taiwan-NewTaipeiCity-HuangZuiShan(HUZS)\",\"GEF_JSON_FileName\":\"2020_11_02_14_00_00.json\",\"CMD\":\"Exist?\"}" -k -H "Content-Type: application/json" -X POST https://cgrg.synology.me/TWGEFN/api/GEF_tool.php
遠端GEF_JSON存在!略過!
--
#2 本地dat檔案名稱: ..\..\..\Converted\Y2020\M11\D02\2020_11_02_14_10_00.dat
本地dat檔案存在!檢查遠端檔案是否存在...
curl.exe -s -d "{\"Version\":\"20200824a\",\"SiteName\":\"[20200729GEFA]Taiwan-NewTaipeiCity-HuangZuiShan(HUZS)\",\"GEF_JSON_FileName\":\"2020_11_02_14_10_00.json\",\"CMD\":\"Exist?\"}" -k -H "Content-Type: application/json" -X POST https://cgrg.synology.me/TWGEFN/api/GEF_tool.php
遠端GEF_JSON存在!略過!
--
#2 本地dat檔案名稱: ..\..\..\Converted\Y2020\M11\D02\2020_11_02_14_20_00.dat
本地dat檔案存在!檢查遠端檔案是否存在...
curl.exe -s -d "{\"Version\":\"20200824a\",\"SiteName\":\"[20200729GEFA]Taiwan-NewTaipeiCity-HuangZuiShan(HUZS)\",\"GEF_JSON_FileName\":\"2020_11_02_14_20_00.json\",\"CMD\":\"Exist?\"}" -k -H "Content-Type: application/json" -X POST https://cgrg.synology.me/TWGEFN/api/GEF_tool.php
遠端GEF_JSON存在!略過!
--
#2 本地dat檔案名稱: ..\..\..\Converted\Y2020\M11\D02\2020_11_02_14_30_00.dat
本地dat檔案存在!檢查遠端檔案是否存在...
curl.exe -s -d "{\"Version\":\"20200824a\",\"SiteName\":\"[20200729GEFA]Taiwan-NewTaipeiCity-HuangZuiShan(HUZS)\",\"GEF_JSON_FileName\":\"2020_11_02_14_30_00.json\",\"CMD\":\"Exist?\"}" -k -H "Content-Type: application/json" -X POST https://cgrg.synology.me/TWGEFN/api/GEF_tool.php
遠端GEF_JSON存在!略過!
--
#2 本地dat檔案名稱: ..\..\..\Converted\Y2020\M11\D02\2020_11_02_14_40_00.dat
本地dat檔案存在!檢查遠端檔案是否存在...
curl.exe -s -d "{\"Version\":\"20200824a\",\"SiteName\":\"[20200729GEFA]Taiwan-NewTaipeiCity-HuangZuiShan(HUZS)\",\"GEF_JSON_FileName\":\"2020_11_02_14_40_00.json\",\"CMD\":\"Exist?\"}" -k -H "Content-Type: application/json" -X POST https://cgrg.synology.me/TWGEFN/api/GEF_tool.php
遠端GEF_JSON存在!略過!
--
#2 本地dat檔案名稱: ..\..\..\Converted\Y2020\M11\D02\2020_11_02_14_50_00.dat
本地dat檔案存在!檢查遠端檔案是否存在...
curl.exe -s -d "{\"Version\":\"20200824a\",\"SiteName\":\"[20200729GEFA]Taiwan-NewTaipeiCity-HuangZuiShan(HUZS)\",\"GEF_JSON_FileName\":\"2020_11_02_14_50_00.json\",\"CMD\":\"Exist?\"}" -k -H "Content-Type: application/json" -X POST https://cgrg.synology.me/TWGEFN/api/GEF_tool.php
遠端GEF_JSON存在!略過!
--
#3 本地dat檔案名稱: ..\..\..\Converted\Y2020\M11\D02\2020_11_02_15_00_00.dat
本地dat檔案存在!檢查遠端檔案是否存在...
curl.exe -s -d "{\"Version\":\"20200824a\",\"SiteName\":\"[20200729GEFA]Taiwan-NewTaipeiCity-HuangZuiShan(HUZS)\",\"GEF_JSON_FileName\":\"2020_11_02_15_00_00.json\",\"CMD\":\"Exist?\"}" -k -H "Content-Type: application/json" -X POST https://cgrg.synology.me/TWGEFN/api/GEF_tool.php
遠端GEF_JSON存在!略過!
--
#3 本地dat檔案名稱: ..\..\..\Converted\Y2020\M11\D02\2020_11_02_15_10_00.dat
本地dat檔案存在!檢查遠端檔案是否存在...
curl.exe -s -d "{\"Version\":\"20200824a\",\"SiteName\":\"[20200729GEFA]Taiwan-NewTaipeiCity-HuangZuiShan(HUZS)\",\"GEF_JSON_FileName\":\"2020_11_02_15_10_00.json\",\"CMD\":\"Exist?\"}" -k -H "Content-Type: application/json" -X POST https://cgrg.synology.me/TWGEFN/api/GEF_tool.php
遠端GEF_JSON存在!略過!
--
#3 本地dat檔案名稱: ..\..\..\Converted\Y2020\M11\D02\2020_11_02_15_20_00.dat
本地dat檔案存在!檢查遠端檔案是否存在...
curl.exe -s -d "{\"Version\":\"20200824a\",\"SiteName\":\"[20200729GEFA]Taiwan-NewTaipeiCity-HuangZuiShan(HUZS)\",\"GEF_JSON_FileName\":\"2020_11_02_15_20_00.json\",\"CMD\":\"Exist?\"}" -k -H "Content-Type: application/json" -X POST https://cgrg.synology.me/TWGEFN/api/GEF_tool.php
遠端GEF_JSON存在!略過!
--
#3 本地dat檔案名稱: ..\..\..\Converted\Y2020\M11\D02\2020_11_02_15_30_00.dat
本地dat檔案存在!檢查遠端檔案是否存在...
curl.exe -s -d "{\"Version\":\"20200824a\",\"SiteName\":\"[20200729GEFA]Taiwan-NewTaipeiCity-HuangZuiShan(HUZS)\",\"GEF_JSON_FileName\":\"2020_11_02_15_30_00.json\",\"CMD\":\"Exist?\"}" -k -H "Content-Type: application/json" -X POST https://cgrg.synology.me/TWGEFN/api/GEF_tool.php
遠端GEF_JSON存在!略過!
--
#3 本地dat檔案名稱: ..\..\..\Converted\Y2020\M11\D02\2020_11_02_15_40_00.dat
本地dat檔案存在!檢查遠端檔案是否存在...
curl.exe -s -d "{\"Version\":\"20200824a\",\"SiteName\":\"[20200729GEFA]Taiwan-NewTaipeiCity-HuangZuiShan(HUZS)\",\"GEF_JSON_FileName\":\"2020_11_02_15_40_00.json\",\"CMD\":\"Exist?\"}" -k -H "Content-Type: application/json" -X POST https://cgrg.synology.me/TWGEFN/api/GEF_tool.php
遠端GEF_JSON存在!略過!
--
#3 本地dat檔案名稱: ..\..\..\Converted\Y2020\M11\D02\2020_11_02_15_50_00.dat
本地dat檔案存在!檢查遠端檔案是否存在...
curl.exe -s -d "{\"Version\":\"20200824a\",\"SiteName\":\"[20200729GEFA]Taiwan-NewTaipeiCity-HuangZuiShan(HUZS)\",\"GEF_JSON_FileName\":\"2020_11_02_15_50_00.json\",\"CMD\":\"Exist?\"}" -k -H "Content-Type: application/json" -X POST https://cgrg.synology.me/TWGEFN/api/GEF_tool.php
遠端GEF_JSON存在!略過!
--
#4 本地dat檔案名稱: ..\..\..\Converted\Y2020\M11\D02\2020_11_02_16_00_00.dat
本地dat檔案存在!檢查遠端檔案是否存在...
curl.exe -s -d "{\"Version\":\"20200824a\",\"SiteName\":\"[20200729GEFA]Taiwan-NewTaipeiCity-HuangZuiShan(HUZS)\",\"GEF_JSON_FileName\":\"2020_11_02_16_00_00.json\",\"CMD\":\"Exist?\"}" -k -H "Content-Type: application/json" -X POST https://cgrg.synology.me/TWGEFN/api/GEF_tool.php
遠端GEF_JSON存在!略過!
--
#4 本地dat檔案名稱: ..\..\..\Converted\Y2020\M11\D02\2020_11_02_16_10_00.dat
本地dat檔案存在!檢查遠端檔案是否存在...
curl.exe -s -d "{\"Version\":\"20200824a\",\"SiteName\":\"[20200729GEFA]Taiwan-NewTaipeiCity-HuangZuiShan(HUZS)\",\"GEF_JSON_FileName\":\"2020_11_02_16_10_00.json\",\"CMD\":\"Exist?\"}" -k -H "Content-Type: application/json" -X POST https://cgrg.synology.me/TWGEFN/api/GEF_tool.php
遠端GEF_JSON存在!略過!
--
#4 本地dat檔案名稱: ..\..\..\Converted\Y2020\M11\D02\2020_11_02_16_20_00.dat
本地dat檔案存在!檢查遠端檔案是否存在...
curl.exe -s -d "{\"Version\":\"20200824a\",\"SiteName\":\"[20200729GEFA]Taiwan-NewTaipeiCity-HuangZuiShan(HUZS)\",\"GEF_JSON_FileName\":\"2020_11_02_16_20_00.json\",\"CMD\":\"Exist?\"}" -k -H "Content-Type: application/json" -X POST https://cgrg.synology.me/TWGEFN/api/GEF_tool.php
遠端GEF_JSON存在!略過!
--
#4 本地dat檔案名稱: ..\..\..\Converted\Y2020\M11\D02\2020_11_02_16_30_00.dat
本地dat檔案存在!檢查遠端檔案是否存在...
curl.exe -s -d "{\"Version\":\"20200824a\",\"SiteName\":\"[20200729GEFA]Taiwan-NewTaipeiCity-HuangZuiShan(HUZS)\",\"GEF_JSON_FileName\":\"2020_11_02_16_30_00.json\",\"CMD\":\"Exist?\"}" -k -H "Content-Type: application/json" -X POST https://cgrg.synology.me/TWGEFN/api/GEF_tool.php
遠端GEF_JSON存在!略過!
--
#4 本地dat檔案名稱: ..\..\..\Converted\Y2020\M11\D02\2020_11_02_16_40_00.dat
本地dat檔案存在!檢查遠端檔案是否存在...
curl.exe -s -d "{\"Version\":\"20200824a\",\"SiteName\":\"[20200729GEFA]Taiwan-NewTaipeiCity-HuangZuiShan(HUZS)\",\"GEF_JSON_FileName\":\"2020_11_02_16_40_00.json\",\"CMD\":\"Exist?\"}" -k -H "Content-Type: application/json" -X POST https://cgrg.synology.me/TWGEFN/api/GEF_tool.php
遠端GEF_JSON存在!略過!
--
#4 本地dat檔案名稱: ..\..\..\Converted\Y2020\M11\D02\2020_11_02_16_50_00.dat
本地dat檔案存在!檢查遠端檔案是否存在...
curl.exe -s -d "{\"Version\":\"20200824a\",\"SiteName\":\"[20200729GEFA]Taiwan-NewTaipeiCity-HuangZuiShan(HUZS)\",\"GEF_JSON_FileName\":\"2020_11_02_16_50_00.json\",\"CMD\":\"Exist?\"}" -k -H "Content-Type: application/json" -X POST https://cgrg.synology.me/TWGEFN/api/GEF_tool.php
遠端GEF_JSON不存在!需要轉檔並上傳!
轉檔目標:..\..\..\Converted\Y2020\M11\D02\2020_11_02_16_50_00.dat
紀錄起始時間(台北時間):2020-11-2 16:50:0
轉檔成功!上傳檔案!
上傳檔案成功!刪除本地檔案!
--
#5 本地dat檔案名稱: ..\..\..\Converted\Y2020\M11\D02\2020_11_02_17_00_00.dat
本地dat檔案不存在!略過!
--
#5 本地dat檔案名稱: ..\..\..\Converted\Y2020\M11\D02\2020_11_02_17_10_00.dat
本地dat檔案不存在!略過!
--
#5 本地dat檔案名稱: ..\..\..\Converted\Y2020\M11\D02\2020_11_02_17_20_00.dat
本地dat檔案不存在!略過!
--
#5 本地dat檔案名稱: ..\..\..\Converted\Y2020\M11\D02\2020_11_02_17_30_00.dat
本地dat檔案不存在!略過!
--
#5 本地dat檔案名稱: ..\..\..\Converted\Y2020\M11\D02\2020_11_02_17_40_00.dat
本地dat檔案不存在!略過!
--
#5 本地dat檔案名稱: ..\..\..\Converted\Y2020\M11\D02\2020_11_02_17_50_00.dat
本地dat檔案不存在!略過!
--
--
