現在時間: 2021-01-21 18:09:32
檢查時間: 2021-01-20 18:09:32
本地dat檔案不完整，請手動處理...不完整的資料夾:..\..\..\Converted\..\..\..\Converted\Y2021\M01\D20\
檢查時間: 2021-01-19 18:09:32
本地dat檔案不完整，請手動處理...不完整的資料夾:..\..\..\Converted\..\..\..\Converted\Y2021\M01\D19\
檢查時間: 2021-01-18 18:09:32
本地dat檔案不完整，請手動處理...不完整的資料夾:..\..\..\Converted\..\..\..\Converted\Y2021\M01\D18\
--
需要檢查的日期
#1 本地dat檔案名稱: ..\..\..\Converted\Y2021\M01\D21\2021_01_21_14_00_00.dat
本地dat檔案不存在!略過!
--
#1 本地dat檔案名稱: ..\..\..\Converted\Y2021\M01\D21\2021_01_21_14_10_00.dat
本地dat檔案不存在!略過!
--
#1 本地dat檔案名稱: ..\..\..\Converted\Y2021\M01\D21\2021_01_21_14_20_00.dat
本地dat檔案不存在!略過!
--
#1 本地dat檔案名稱: ..\..\..\Converted\Y2021\M01\D21\2021_01_21_14_30_00.dat
本地dat檔案不存在!略過!
--
#1 本地dat檔案名稱: ..\..\..\Converted\Y2021\M01\D21\2021_01_21_14_40_00.dat
本地dat檔案不存在!略過!
--
#1 本地dat檔案名稱: ..\..\..\Converted\Y2021\M01\D21\2021_01_21_14_50_00.dat
本地dat檔案不存在!略過!
--
#2 本地dat檔案名稱: ..\..\..\Converted\Y2021\M01\D21\2021_01_21_15_00_00.dat
本地dat檔案不存在!略過!
--
#2 本地dat檔案名稱: ..\..\..\Converted\Y2021\M01\D21\2021_01_21_15_10_00.dat
本地dat檔案不存在!略過!
--
#2 本地dat檔案名稱: ..\..\..\Converted\Y2021\M01\D21\2021_01_21_15_20_00.dat
本地dat檔案不存在!略過!
--
#2 本地dat檔案名稱: ..\..\..\Converted\Y2021\M01\D21\2021_01_21_15_30_00.dat
本地dat檔案不存在!略過!
--
#2 本地dat檔案名稱: ..\..\..\Converted\Y2021\M01\D21\2021_01_21_15_40_00.dat
本地dat檔案不存在!略過!
--
#2 本地dat檔案名稱: ..\..\..\Converted\Y2021\M01\D21\2021_01_21_15_50_00.dat
本地dat檔案不存在!略過!
--
#3 本地dat檔案名稱: ..\..\..\Converted\Y2021\M01\D21\2021_01_21_16_00_00.dat
本地dat檔案不存在!略過!
--
#3 本地dat檔案名稱: ..\..\..\Converted\Y2021\M01\D21\2021_01_21_16_10_00.dat
本地dat檔案不存在!略過!
--
#3 本地dat檔案名稱: ..\..\..\Converted\Y2021\M01\D21\2021_01_21_16_20_00.dat
本地dat檔案不存在!略過!
--
#3 本地dat檔案名稱: ..\..\..\Converted\Y2021\M01\D21\2021_01_21_16_30_00.dat
本地dat檔案不存在!略過!
--
#3 本地dat檔案名稱: ..\..\..\Converted\Y2021\M01\D21\2021_01_21_16_40_00.dat
本地dat檔案不存在!略過!
--
#3 本地dat檔案名稱: ..\..\..\Converted\Y2021\M01\D21\2021_01_21_16_50_00.dat
本地dat檔案不存在!略過!
--
#4 本地dat檔案名稱: ..\..\..\Converted\Y2021\M01\D21\2021_01_21_17_00_00.dat
本地dat檔案不存在!略過!
--
#4 本地dat檔案名稱: ..\..\..\Converted\Y2021\M01\D21\2021_01_21_17_10_00.dat
本地dat檔案不存在!略過!
--
#4 本地dat檔案名稱: ..\..\..\Converted\Y2021\M01\D21\2021_01_21_17_20_00.dat
本地dat檔案不存在!略過!
--
#4 本地dat檔案名稱: ..\..\..\Converted\Y2021\M01\D21\2021_01_21_17_30_00.dat
本地dat檔案不存在!略過!
--
#4 本地dat檔案名稱: ..\..\..\Converted\Y2021\M01\D21\2021_01_21_17_40_00.dat
本地dat檔案不存在!略過!
--
#4 本地dat檔案名稱: ..\..\..\Converted\Y2021\M01\D21\2021_01_21_17_50_00.dat
本地dat檔案不存在!略過!
--
#5 本地dat檔案名稱: ..\..\..\Converted\Y2021\M01\D21\2021_01_21_18_00_00.dat
本地dat檔案不存在!略過!
--
#5 本地dat檔案名稱: ..\..\..\Converted\Y2021\M01\D21\2021_01_21_18_10_00.dat
本地dat檔案不存在!略過!
--
#5 本地dat檔案名稱: ..\..\..\Converted\Y2021\M01\D21\2021_01_21_18_20_00.dat
本地dat檔案不存在!略過!
--
#5 本地dat檔案名稱: ..\..\..\Converted\Y2021\M01\D21\2021_01_21_18_30_00.dat
本地dat檔案不存在!略過!
--
#5 本地dat檔案名稱: ..\..\..\Converted\Y2021\M01\D21\2021_01_21_18_40_00.dat
本地dat檔案不存在!略過!
--
#5 本地dat檔案名稱: ..\..\..\Converted\Y2021\M01\D21\2021_01_21_18_50_00.dat
本地dat檔案不存在!略過!
--
--
